<?xml version="1.0" encoding="UTF-8"?>
<testng-results ignored="0" total="1" passed="1" failed="0" skipped="0">
  <reporter-output>
  </reporter-output>
  <suite started-at="2022-04-30T17:47:47 IST" name="Default suite" finished-at="2022-04-30T17:47:59 IST" duration-ms="11633">
    <groups>
    </groups>
    <test started-at="2022-04-30T17:47:47 IST" name="Default test" finished-at="2022-04-30T17:47:59 IST" duration-ms="11633">
      <class name="uiAutomation.FileUploadRobotClass">
        <test-method is-config="true" signature="setup()[pri:0, instance:uiAutomation.FileUploadRobotClass@350aac89]" started-at="2022-04-30T17:47:47 IST" name="setup" finished-at="2022-04-30T17:47:52 IST" duration-ms="4971" status="PASS">
          <reporter-output>
          </reporter-output>
        </test-method> <!-- setup -->
        <test-method signature="fileupROBOT()[pri:0, instance:uiAutomation.FileUploadRobotClass@350aac89]" started-at="2022-04-30T17:47:52 IST" name="fileupROBOT" finished-at="2022-04-30T17:47:59 IST" duration-ms="6591" status="PASS">
          <reporter-output>
          </reporter-output>
        </test-method> <!-- fileupROBOT -->
      </class> <!-- uiAutomation.FileUploadRobotClass -->
    </test> <!-- Default test -->
  </suite> <!-- Default suite -->
</testng-results>
