<?xml version="1.0" encoding="UTF-8"?>
<testng-results ignored="0" total="1" passed="1" failed="0" skipped="0">
  <reporter-output>
  </reporter-output>
  <suite started-at="2022-02-14T00:45:39 IST" name="Default suite" finished-at="2022-02-14T00:45:40 IST" duration-ms="495">
    <groups>
    </groups>
    <test started-at="2022-02-14T00:45:39 IST" name="Default test" finished-at="2022-02-14T00:45:40 IST" duration-ms="495">
      <class name="dataBaseAutomation.RetrieveDBData">
        <test-method signature="DBDataRetrieve()[pri:0, instance:dataBaseAutomation.RetrieveDBData@3c77d488]" started-at="2022-02-14T00:45:39 IST" name="DBDataRetrieve" finished-at="2022-02-14T00:45:40 IST" duration-ms="463" status="PASS">
          <reporter-output>
          </reporter-output>
        </test-method> <!-- DBDataRetrieve -->
      </class> <!-- dataBaseAutomation.RetrieveDBData -->
    </test> <!-- Default test -->
  </suite> <!-- Default suite -->
</testng-results>
